<?xml version="1.0" encoding="UTF-8"?>
<!-- Generated by org.testng.reporters.JUnitXMLReporter -->
<testsuite hostname="IN-SinghPre-1" ignored="3" name="Test" tests="10" failures="2" timestamp="19 May 2020 12:58:57 GMT" time="66.793" errors="0">
  <testcase name="calculator" time="2.606" classname="poc.com.testcases.MultipleDataSet"/>
  <testcase name="calculator" time="2.541" classname="poc.com.testcases.MultipleDataSet"/>
  <testcase name="calculator" time="2.593" classname="poc.com.testcases.MultipleDataSet"/>
  <testcase name="calculator" time="2.485" classname="poc.com.testcases.MultipleDataSet"/>
  <testcase name="calculator" time="2.492" classname="poc.com.testcases.MultipleDataSet">
    <failure type="java.lang.AssertionError" message="expected [30] but found [200]">
      <![CDATA[java.lang.AssertionError: expected [30] but found [200]
at poc.com.testcases.MultipleDataSet.calculator(MultipleDataSet.java:46)
... Removed 31 stack frames]]>
    </failure>
  </testcase> <!-- calculator -->
  <testcase name="calculator" time="2.479" classname="poc.com.testcases.MultipleDataSet"/>
  <testcase name="calculator" time="2.425" classname="poc.com.testcases.MultipleDataSet"/>
  <testcase name="calculator" time="2.564" classname="poc.com.testcases.MultipleDataSet"/>
  <testcase name="sumTest" time="2.507" classname="poc.com.testcases.POCTestForAngular">
    <failure type="java.lang.AssertionError" message="expected [30] but found [-10]">
      <![CDATA[java.lang.AssertionError: expected [30] but found [-10]
at poc.com.testcases.POCTestForAngular.sumTest(POCTestForAngular.java:42)
... Removed 31 stack frames]]>
    </failure>
  </testcase> <!-- sumTest -->
  <testcase name="sumTest" time="2.813" classname="poc.com.testcases.POCTest"/>
  <testcase name="validateTitle" time="0.0" classname="poc.com.testcases.POCTestForAngular">
    <ignored/>
  </testcase> <!-- validateTitle -->
  <testcase name="validateTitle" time="0.0" classname="poc.com.testcases.POCTest">
    <ignored/>
  </testcase> <!-- validateTitle -->
  <testcase name="calculatorMinus" time="0.0" classname="poc.com.testcases.MultipleDataSet">
    <ignored/>
  </testcase> <!-- calculatorMinus -->
</testsuite> <!-- Test -->
