<?xml version="1.0" encoding="UTF-8"?>
<testng-results skipped="0" failed="2" ignored="3" total="13" passed="8">
  <reporter-output>
  </reporter-output>
  <suite name="POCSuite" duration-ms="66793" started-at="2020-05-19T12:57:50Z" finished-at="2020-05-19T12:58:57Z">
    <groups>
    </groups>
    <test name="Test" duration-ms="66793" started-at="2020-05-19T12:57:50Z" finished-at="2020-05-19T12:58:57Z">
      <class name="poc.com.testcases.MultipleDataSet">
        <test-method status="PASS" signature="setUp()[pri:0, instance:poc.com.testcases.MultipleDataSet@73ad2d6]" name="setUp" is-config="true" duration-ms="5291" started-at="2020-05-19T12:57:51Z" finished-at="2020-05-19T12:57:56Z">
          <reporter-output>
          </reporter-output>
        </test-method> <!-- setUp -->
        <test-method status="PASS" signature="calculator(java.lang.String, java.lang.String, java.lang.String)[pri:1, instance:poc.com.testcases.MultipleDataSet@73ad2d6]" name="calculator" duration-ms="2606" started-at="2020-05-19T12:57:56Z" data-provider="getDataFromExcel" finished-at="2020-05-19T12:57:59Z">
          <params>
            <param index="0">
              <value>
                <![CDATA[10]]>
              </value>
            </param>
            <param index="1">
              <value>
                <![CDATA[20]]>
              </value>
            </param>
            <param index="2">
              <value>
                <![CDATA[+]]>
              </value>
            </param>
          </params>
          <reporter-output>
          </reporter-output>
        </test-method> <!-- calculator -->
        <test-method status="PASS" signature="tearDown()[pri:0, instance:poc.com.testcases.MultipleDataSet@73ad2d6]" name="tearDown" is-config="true" duration-ms="261" started-at="2020-05-19T12:57:59Z" finished-at="2020-05-19T12:57:59Z">
          <reporter-output>
          </reporter-output>
        </test-method> <!-- tearDown -->
        <test-method status="PASS" signature="setUp()[pri:0, instance:poc.com.testcases.MultipleDataSet@73ad2d6]" name="setUp" is-config="true" duration-ms="3406" started-at="2020-05-19T12:57:59Z" finished-at="2020-05-19T12:58:03Z">
          <reporter-output>
          </reporter-output>
        </test-method> <!-- setUp -->
        <test-method status="PASS" signature="calculator(java.lang.String, java.lang.String, java.lang.String)[pri:1, instance:poc.com.testcases.MultipleDataSet@73ad2d6]" name="calculator" duration-ms="2541" started-at="2020-05-19T12:58:03Z" data-provider="getDataFromExcel" finished-at="2020-05-19T12:58:05Z">
          <params>
            <param index="0">
              <value>
                <![CDATA[50]]>
              </value>
            </param>
            <param index="1">
              <value>
                <![CDATA[20]]>
              </value>
            </param>
            <param index="2">
              <value>
                <![CDATA[-]]>
              </value>
            </param>
          </params>
          <reporter-output>
          </reporter-output>
        </test-method> <!-- calculator -->
        <test-method status="PASS" signature="tearDown()[pri:0, instance:poc.com.testcases.MultipleDataSet@73ad2d6]" name="tearDown" is-config="true" duration-ms="213" started-at="2020-05-19T12:58:05Z" finished-at="2020-05-19T12:58:05Z">
          <reporter-output>
          </reporter-output>
        </test-method> <!-- tearDown -->
        <test-method status="PASS" signature="setUp()[pri:0, instance:poc.com.testcases.MultipleDataSet@73ad2d6]" name="setUp" is-config="true" duration-ms="3271" started-at="2020-05-19T12:58:05Z" finished-at="2020-05-19T12:58:09Z">
          <reporter-output>
          </reporter-output>
        </test-method> <!-- setUp -->
        <test-method status="PASS" signature="calculator(java.lang.String, java.lang.String, java.lang.String)[pri:1, instance:poc.com.testcases.MultipleDataSet@73ad2d6]" name="calculator" duration-ms="2593" started-at="2020-05-19T12:58:09Z" data-provider="getDataFromExcel" finished-at="2020-05-19T12:58:11Z">
          <params>
            <param index="0">
              <value>
                <![CDATA[5]]>
              </value>
            </param>
            <param index="1">
              <value>
                <![CDATA[6]]>
              </value>
            </param>
            <param index="2">
              <value>
                <![CDATA[*]]>
              </value>
            </param>
          </params>
          <reporter-output>
          </reporter-output>
        </test-method> <!-- calculator -->
        <test-method status="PASS" signature="tearDown()[pri:0, instance:poc.com.testcases.MultipleDataSet@73ad2d6]" name="tearDown" is-config="true" duration-ms="318" started-at="2020-05-19T12:58:11Z" finished-at="2020-05-19T12:58:11Z">
          <reporter-output>
          </reporter-output>
        </test-method> <!-- tearDown -->
        <test-method status="PASS" signature="setUp()[pri:0, instance:poc.com.testcases.MultipleDataSet@73ad2d6]" name="setUp" is-config="true" duration-ms="3198" started-at="2020-05-19T12:58:11Z" finished-at="2020-05-19T12:58:15Z">
          <reporter-output>
          </reporter-output>
        </test-method> <!-- setUp -->
        <test-method status="PASS" signature="calculator(java.lang.String, java.lang.String, java.lang.String)[pri:1, instance:poc.com.testcases.MultipleDataSet@73ad2d6]" name="calculator" duration-ms="2485" started-at="2020-05-19T12:58:15Z" data-provider="getDataFromExcel" finished-at="2020-05-19T12:58:17Z">
          <params>
            <param index="0">
              <value>
                <![CDATA[60]]>
              </value>
            </param>
            <param index="1">
              <value>
                <![CDATA[2]]>
              </value>
            </param>
            <param index="2">
              <value>
                <![CDATA[/]]>
              </value>
            </param>
          </params>
          <reporter-output>
          </reporter-output>
        </test-method> <!-- calculator -->
        <test-method status="PASS" signature="tearDown()[pri:0, instance:poc.com.testcases.MultipleDataSet@73ad2d6]" name="tearDown" is-config="true" duration-ms="285" started-at="2020-05-19T12:58:17Z" finished-at="2020-05-19T12:58:17Z">
          <reporter-output>
          </reporter-output>
        </test-method> <!-- tearDown -->
        <test-method status="PASS" signature="setUp()[pri:0, instance:poc.com.testcases.MultipleDataSet@73ad2d6]" name="setUp" is-config="true" duration-ms="3281" started-at="2020-05-19T12:58:17Z" finished-at="2020-05-19T12:58:21Z">
          <reporter-output>
          </reporter-output>
        </test-method> <!-- setUp -->
        <test-method status="FAIL" signature="calculator(java.lang.String, java.lang.String, java.lang.String)[pri:1, instance:poc.com.testcases.MultipleDataSet@73ad2d6]" name="calculator" duration-ms="2492" started-at="2020-05-19T12:58:21Z" data-provider="getDataFromExcel" finished-at="2020-05-19T12:58:23Z">
          <params>
            <param index="0">
              <value>
                <![CDATA[100]]>
              </value>
            </param>
            <param index="1">
              <value>
                <![CDATA[100]]>
              </value>
            </param>
            <param index="2">
              <value>
                <![CDATA[+]]>
              </value>
            </param>
          </params>
          <exception class="java.lang.AssertionError">
            <message>
              <![CDATA[expected [30] but found [200]]]>
            </message>
            <full-stacktrace>
              <![CDATA[java.lang.AssertionError: expected [30] but found [200]
at org.testng.Assert.fail(Assert.java:96)
at org.testng.Assert.failNotEquals(Assert.java:776)
at org.testng.Assert.assertEqualsImpl(Assert.java:137)
at org.testng.Assert.assertEquals(Assert.java:118)
at org.testng.Assert.assertEquals(Assert.java:453)
at org.testng.Assert.assertEquals(Assert.java:463)
at poc.com.testcases.MultipleDataSet.calculator(MultipleDataSet.java:46)
at sun.reflect.NativeMethodAccessorImpl.invoke0(Native Method)
at sun.reflect.NativeMethodAccessorImpl.invoke(Unknown Source)
at sun.reflect.DelegatingMethodAccessorImpl.invoke(Unknown Source)
at java.lang.reflect.Method.invoke(Unknown Source)
at org.testng.internal.MethodInvocationHelper.invokeMethod(MethodInvocationHelper.java:124)
at org.testng.internal.Invoker.invokeMethod(Invoker.java:583)
at org.testng.internal.Invoker.invokeTestMethod(Invoker.java:719)
at org.testng.internal.Invoker.invokeTestMethods(Invoker.java:989)
at org.testng.internal.TestMethodWorker.invokeTestMethods(TestMethodWorker.java:125)
at org.testng.internal.TestMethodWorker.run(TestMethodWorker.java:109)
at org.testng.TestRunner.privateRun(TestRunner.java:648)
at org.testng.TestRunner.run(TestRunner.java:505)
at org.testng.SuiteRunner.runTest(SuiteRunner.java:455)
at org.testng.SuiteRunner.runSequentially(SuiteRunner.java:450)
at org.testng.SuiteRunner.privateRun(SuiteRunner.java:415)
at org.testng.SuiteRunner.run(SuiteRunner.java:364)
at org.testng.SuiteRunnerWorker.runSuite(SuiteRunnerWorker.java:52)
at org.testng.SuiteRunnerWorker.run(SuiteRunnerWorker.java:84)
at org.testng.TestNG.runSuitesSequentially(TestNG.java:1208)
at org.testng.TestNG.runSuitesLocally(TestNG.java:1137)
at org.testng.TestNG.runSuites(TestNG.java:1049)
at org.testng.TestNG.run(TestNG.java:1017)
at org.testng.remote.AbstractRemoteTestNG.run(AbstractRemoteTestNG.java:115)
at org.testng.remote.RemoteTestNG.initAndRun(RemoteTestNG.java:251)
at org.testng.remote.RemoteTestNG.main(RemoteTestNG.java:77)
]]>
            </full-stacktrace>
          </exception> <!-- java.lang.AssertionError -->
          <reporter-output>
          </reporter-output>
        </test-method> <!-- calculator -->
        <test-method status="PASS" signature="tearDown()[pri:0, instance:poc.com.testcases.MultipleDataSet@73ad2d6]" name="tearDown" is-config="true" duration-ms="279" started-at="2020-05-19T12:58:23Z" finished-at="2020-05-19T12:58:23Z">
          <reporter-output>
          </reporter-output>
        </test-method> <!-- tearDown -->
        <test-method status="PASS" signature="setUp()[pri:0, instance:poc.com.testcases.MultipleDataSet@73ad2d6]" name="setUp" is-config="true" duration-ms="3322" started-at="2020-05-19T12:58:23Z" finished-at="2020-05-19T12:58:27Z">
          <reporter-output>
          </reporter-output>
        </test-method> <!-- setUp -->
        <test-method status="PASS" signature="calculator(java.lang.String, java.lang.String, java.lang.String)[pri:1, instance:poc.com.testcases.MultipleDataSet@73ad2d6]" name="calculator" duration-ms="2479" started-at="2020-05-19T12:58:27Z" data-provider="getDataFromExcel" finished-at="2020-05-19T12:58:29Z">
          <params>
            <param index="0">
              <value>
                <![CDATA[50]]>
              </value>
            </param>
            <param index="1">
              <value>
                <![CDATA[20]]>
              </value>
            </param>
            <param index="2">
              <value>
                <![CDATA[-]]>
              </value>
            </param>
          </params>
          <reporter-output>
          </reporter-output>
        </test-method> <!-- calculator -->
        <test-method status="PASS" signature="tearDown()[pri:0, instance:poc.com.testcases.MultipleDataSet@73ad2d6]" name="tearDown" is-config="true" duration-ms="181" started-at="2020-05-19T12:58:29Z" finished-at="2020-05-19T12:58:29Z">
          <reporter-output>
          </reporter-output>
        </test-method> <!-- tearDown -->
        <test-method status="PASS" signature="setUp()[pri:0, instance:poc.com.testcases.MultipleDataSet@73ad2d6]" name="setUp" is-config="true" duration-ms="3262" started-at="2020-05-19T12:58:29Z" finished-at="2020-05-19T12:58:33Z">
          <reporter-output>
          </reporter-output>
        </test-method> <!-- setUp -->
        <test-method status="PASS" signature="calculator(java.lang.String, java.lang.String, java.lang.String)[pri:1, instance:poc.com.testcases.MultipleDataSet@73ad2d6]" name="calculator" duration-ms="2425" started-at="2020-05-19T12:58:33Z" data-provider="getDataFromExcel" finished-at="2020-05-19T12:58:35Z">
          <params>
            <param index="0">
              <value>
                <![CDATA[5]]>
              </value>
            </param>
            <param index="1">
              <value>
                <![CDATA[6]]>
              </value>
            </param>
            <param index="2">
              <value>
                <![CDATA[*]]>
              </value>
            </param>
          </params>
          <reporter-output>
          </reporter-output>
        </test-method> <!-- calculator -->
        <test-method status="PASS" signature="tearDown()[pri:0, instance:poc.com.testcases.MultipleDataSet@73ad2d6]" name="tearDown" is-config="true" duration-ms="176" started-at="2020-05-19T12:58:35Z" finished-at="2020-05-19T12:58:35Z">
          <reporter-output>
          </reporter-output>
        </test-method> <!-- tearDown -->
        <test-method status="PASS" signature="setUp()[pri:0, instance:poc.com.testcases.MultipleDataSet@73ad2d6]" name="setUp" is-config="true" duration-ms="3201" started-at="2020-05-19T12:58:35Z" finished-at="2020-05-19T12:58:39Z">
          <reporter-output>
          </reporter-output>
        </test-method> <!-- setUp -->
        <test-method status="PASS" signature="calculator(java.lang.String, java.lang.String, java.lang.String)[pri:1, instance:poc.com.testcases.MultipleDataSet@73ad2d6]" name="calculator" duration-ms="2564" started-at="2020-05-19T12:58:39Z" data-provider="getDataFromExcel" finished-at="2020-05-19T12:58:41Z">
          <params>
            <param index="0">
              <value>
                <![CDATA[60]]>
              </value>
            </param>
            <param index="1">
              <value>
                <![CDATA[2]]>
              </value>
            </param>
            <param index="2">
              <value>
                <![CDATA[/]]>
              </value>
            </param>
          </params>
          <reporter-output>
          </reporter-output>
        </test-method> <!-- calculator -->
        <test-method status="PASS" signature="tearDown()[pri:0, instance:poc.com.testcases.MultipleDataSet@73ad2d6]" name="tearDown" is-config="true" duration-ms="221" started-at="2020-05-19T12:58:41Z" finished-at="2020-05-19T12:58:41Z">
          <reporter-output>
          </reporter-output>
        </test-method> <!-- tearDown -->
      </class> <!-- poc.com.testcases.MultipleDataSet -->
      <class name="poc.com.testcases.POCTest">
        <test-method status="PASS" signature="setUp()[pri:0, instance:poc.com.testcases.POCTest@1ce92674]" name="setUp" is-config="true" duration-ms="3244" started-at="2020-05-19T12:58:47Z" finished-at="2020-05-19T12:58:50Z">
          <reporter-output>
          </reporter-output>
        </test-method> <!-- setUp -->
        <test-method status="PASS" signature="sumTest()[pri:2, instance:poc.com.testcases.POCTest@1ce92674]" name="sumTest" duration-ms="2813" started-at="2020-05-19T12:58:50Z" finished-at="2020-05-19T12:58:53Z">
          <reporter-output>
          </reporter-output>
        </test-method> <!-- sumTest -->
        <test-method status="PASS" signature="tearDown()[pri:0, instance:poc.com.testcases.POCTest@1ce92674]" name="tearDown" is-config="true" duration-ms="4195" started-at="2020-05-19T12:58:53Z" finished-at="2020-05-19T12:58:57Z">
          <reporter-output>
          </reporter-output>
        </test-method> <!-- tearDown -->
      </class> <!-- poc.com.testcases.POCTest -->
      <class name="poc.com.testcases.POCTestForAngular">
        <test-method status="PASS" signature="setUp()[pri:0, instance:poc.com.testcases.POCTestForAngular@7085bdee]" name="setUp" is-config="true" duration-ms="3046" started-at="2020-05-19T12:58:41Z" finished-at="2020-05-19T12:58:44Z">
          <reporter-output>
          </reporter-output>
        </test-method> <!-- setUp -->
        <test-method status="FAIL" signature="sumTest()[pri:2, instance:poc.com.testcases.POCTestForAngular@7085bdee]" name="sumTest" duration-ms="2507" started-at="2020-05-19T12:58:44Z" finished-at="2020-05-19T12:58:47Z">
          <exception class="java.lang.AssertionError">
            <message>
              <![CDATA[expected [30] but found [-10]]]>
            </message>
            <full-stacktrace>
              <![CDATA[java.lang.AssertionError: expected [30] but found [-10]
at org.testng.Assert.fail(Assert.java:96)
at org.testng.Assert.failNotEquals(Assert.java:776)
at org.testng.Assert.assertEqualsImpl(Assert.java:137)
at org.testng.Assert.assertEquals(Assert.java:118)
at org.testng.Assert.assertEquals(Assert.java:453)
at org.testng.Assert.assertEquals(Assert.java:463)
at poc.com.testcases.POCTestForAngular.sumTest(POCTestForAngular.java:42)
at sun.reflect.NativeMethodAccessorImpl.invoke0(Native Method)
at sun.reflect.NativeMethodAccessorImpl.invoke(Unknown Source)
at sun.reflect.DelegatingMethodAccessorImpl.invoke(Unknown Source)
at java.lang.reflect.Method.invoke(Unknown Source)
at org.testng.internal.MethodInvocationHelper.invokeMethod(MethodInvocationHelper.java:124)
at org.testng.internal.Invoker.invokeMethod(Invoker.java:583)
at org.testng.internal.Invoker.invokeTestMethod(Invoker.java:719)
at org.testng.internal.Invoker.invokeTestMethods(Invoker.java:989)
at org.testng.internal.TestMethodWorker.invokeTestMethods(TestMethodWorker.java:125)
at org.testng.internal.TestMethodWorker.run(TestMethodWorker.java:109)
at org.testng.TestRunner.privateRun(TestRunner.java:648)
at org.testng.TestRunner.run(TestRunner.java:505)
at org.testng.SuiteRunner.runTest(SuiteRunner.java:455)
at org.testng.SuiteRunner.runSequentially(SuiteRunner.java:450)
at org.testng.SuiteRunner.privateRun(SuiteRunner.java:415)
at org.testng.SuiteRunner.run(SuiteRunner.java:364)
at org.testng.SuiteRunnerWorker.runSuite(SuiteRunnerWorker.java:52)
at org.testng.SuiteRunnerWorker.run(SuiteRunnerWorker.java:84)
at org.testng.TestNG.runSuitesSequentially(TestNG.java:1208)
at org.testng.TestNG.runSuitesLocally(TestNG.java:1137)
at org.testng.TestNG.runSuites(TestNG.java:1049)
at org.testng.TestNG.run(TestNG.java:1017)
at org.testng.remote.AbstractRemoteTestNG.run(AbstractRemoteTestNG.java:115)
at org.testng.remote.RemoteTestNG.initAndRun(RemoteTestNG.java:251)
at org.testng.remote.RemoteTestNG.main(RemoteTestNG.java:77)
]]>
            </full-stacktrace>
          </exception> <!-- java.lang.AssertionError -->
          <reporter-output>
          </reporter-output>
        </test-method> <!-- sumTest -->
        <test-method status="PASS" signature="tearDown()[pri:0, instance:poc.com.testcases.POCTestForAngular@7085bdee]" name="tearDown" is-config="true" duration-ms="0" started-at="2020-05-19T12:58:47Z" finished-at="2020-05-19T12:58:47Z">
          <reporter-output>
          </reporter-output>
        </test-method> <!-- tearDown -->
      </class> <!-- poc.com.testcases.POCTestForAngular -->
    </test> <!-- Test -->
  </suite> <!-- POCSuite -->
</testng-results>
